<?xml version="1.0" encoding="UTF-8"?>
<!-- Generated by org.testng.reporters.JUnitReportReporter -->
<testsuite hostname="LAPTOP-QMHJ8FAO" failures="0" tests="1" name="objects.TestElements" time="105.545" errors="0" timestamp="10 Jul 2021 13:59:37 GMT" skipped="0">
  <testcase classname="objects.TestElements" name="f" time="105.545"/>
</testsuite> <!-- objects.TestElements -->
